Events/Events/app/manifest-merger-release-report.txt
-- Merging decision tree log ---
manifest
ADDED from AndroidManifest.xml:2:1
	package
		ADDED from AndroidManifest.xml:3:5
		INJECTED from AndroidManifest.xml:0:0
		INJECTED from AndroidManifest.xml:0:0
	android:versionName
		INJECTED from AndroidManifest.xml:0:0
		INJECTED from AndroidManifest.xml:0:0
	xmlns:android
		ADDED from AndroidManifest.xml:2:11
	android:versionCode
		INJECTED from AndroidManifest.xml:0:0
		INJECTED from AndroidManifest.xml:0:0
uses-permission#android.permission.INTERNET
ADDED from AndroidManifest.xml:5:5
	android:name
		ADDED from AndroidManifest.xml:5:22
uses-permission#android.permission.ACCESS_NETWORK_STATE
ADDED from AndroidManifest.xml:6:5
	android:name
		ADDED from AndroidManifest.xml:6:22
application
ADDED from AndroidManifest.xml:8:5
MERGED from com.android.support:appcompat-v7:21.0.3:16:5
MERGED from com.android.support:support-v4:21.0.3:16:5
MERGED from com.astuetz:pagerslidingtabstrip:1.0.1:4:5
MERGED from com.android.support:support-v4:21.0.3:16:5
	android:label
		ADDED from AndroidManifest.xml:12:9
	android:allowBackup
		ADDED from AndroidManifest.xml:10:9
	android:icon
		ADDED from AndroidManifest.xml:11:9
	android:theme
		ADDED from AndroidManifest.xml:13:9
	android:name
		ADDED from AndroidManifest.xml:9:9
activity#teamtwo.event.com.events.LoginActivity
ADDED from AndroidManifest.xml:14:9
	android:screenOrientation
		ADDED from AndroidManifest.xml:18:13
	android:label
		ADDED from AndroidManifest.xml:16:13
	android:configChanges
		ADDED from AndroidManifest.xml:17:13
	android:name
		ADDED from AndroidManifest.xml:15:13
intent-filter#android.intent.action.MAIN+android.intent.category.LAUNCHER
ADDED from AndroidManifest.xml:19:13
action#android.intent.action.MAIN
ADDED from AndroidManifest.xml:20:17
	android:name
		ADDED from AndroidManifest.xml:20:25
category#android.intent.category.LAUNCHER
ADDED from AndroidManifest.xml:21:17
	android:name
		ADDED from AndroidManifest.xml:21:27
activity#teamtwo.event.com.events.MainActivity
ADDED from AndroidManifest.xml:24:9
	android:screenOrientation
		ADDED from AndroidManifest.xml:28:13
	android:label
		ADDED from AndroidManifest.xml:25:13
	android:configChanges
		ADDED from AndroidManifest.xml:27:13
	android:name
		ADDED from AndroidManifest.xml:26:13
intent-filter#android.intent.category.LAUNCHER+teamtwo.event.com.events.MainActivity
ADDED from AndroidManifest.xml:29:13
action#teamtwo.event.com.events.MainActivity
ADDED from AndroidManifest.xml:30:17
	android:name
		ADDED from AndroidManifest.xml:30:25
activity#teamtwo.event.com.events.RegisterActivity
ADDED from AndroidManifest.xml:34:9
	android:screenOrientation
		ADDED from AndroidManifest.xml:38:13
	android:label
		ADDED from AndroidManifest.xml:36:13
	android:configChanges
		ADDED from AndroidManifest.xml:37:13
	android:name
		ADDED from AndroidManifest.xml:35:13
intent-filter#android.intent.category.DEFAULT+teamtwo.event.com.events.Register
ADDED from AndroidManifest.xml:40:13
action#teamtwo.event.com.events.Register
ADDED from AndroidManifest.xml:41:17
	android:name
		ADDED from AndroidManifest.xml:41:25
category#android.intent.category.DEFAULT
ADDED from AndroidManifest.xml:43:17
	android:name
		ADDED from AndroidManifest.xml:43:27
activity#teamtwo.event.com.events.ForgotYourPassword
ADDED from AndroidManifest.xml:46:9
	android:screenOrientation
		ADDED from AndroidManifest.xml:50:13
	android:label
		ADDED from AndroidManifest.xml:48:13
	android:configChanges
		ADDED from AndroidManifest.xml:49:13
	android:name
		ADDED from AndroidManifest.xml:47:13
intent-filter#android.intent.category.DEFAULT+teamtwo.event.com.events.ForgotYourPassword
ADDED from AndroidManifest.xml:51:13
action#teamtwo.event.com.events.ForgotYourPassword
ADDED from AndroidManifest.xml:52:17
	android:name
		ADDED from AndroidManifest.xml:52:25
uses-sdk
INJECTED from AndroidManifest.xml:0:0 reason: use-sdk injection requested
MERGED from com.android.support:appcompat-v7:21.0.3:15:5
MERGED from com.android.support:support-v4:21.0.3:15:5
MERGED from com.astuetz:pagerslidingtabstrip:1.0.1:2:5
MERGED from com.android.support:support-v4:21.0.3:15:5
	android:targetSdkVersion
		INJECTED from AndroidManifest.xml:0:0
		INJECTED from AndroidManifest.xml:0:0
	android:minSdkVersion
		INJECTED from AndroidManifest.xml:0:0
		INJECTED from AndroidManifest.xml:0:0